<?xml version="1.0" encoding="UTF-8"?>
<testsuite xmlns:xsi="http://www.w3.org/2001/XMLSchema-instance" xsi:noNamespaceSchemaLocation="https://maven.apache.org/surefire/maven-surefire-plugin/xsd/surefire-test-report.xsd" name="com.pensionerDisbursmentMicroservice.PensionerDisbursmentMicroserviceApplicationTests" time="0.29" tests="1" errors="1" skipped="0" failures="0">
  <properties>
    <property name="sun.desktop" value="windows"/>
    <property name="awt.toolkit" value="sun.awt.windows.WToolkit"/>
    <property name="java.specification.version" value="12"/>
    <property name="sun.cpu.isalist" value="amd64"/>
    <property name="sun.jnu.encoding" value="Cp1252"/>
    <property name="java.class.path" value="D:\Projects\New folder\MFPE_Projects-main\POD1\pensionerDisbursementMicroservice\target\test-classes;D:\Projects\New folder\MFPE_Projects-main\POD1\pensionerDisbursementMicroservice\target\classes;C:\Users\Karthik\.m2\repository\org\springframework\boot\spring-boot-starter-data-jpa\2.4.4\spring-boot-starter-data-jpa-2.4.4.jar;C:\Users\Karthik\.m2\repository\org\springframework\boot\spring-boot-starter-aop\2.4.4\spring-boot-starter-aop-2.4.4.jar;C:\Users\Karthik\.m2\repository\org\springframework\spring-aop\5.3.5\spring-aop-5.3.5.jar;C:\Users\Karthik\.m2\repository\org\aspectj\aspectjweaver\1.9.6\aspectjweaver-1.9.6.jar;C:\Users\Karthik\.m2\repository\org\springframework\boot\spring-boot-starter-jdbc\2.4.4\spring-boot-starter-jdbc-2.4.4.jar;C:\Users\Karthik\.m2\repository\com\zaxxer\HikariCP\3.4.5\HikariCP-3.4.5.jar;C:\Users\Karthik\.m2\repository\org\springframework\spring-jdbc\5.3.5\spring-jdbc-5.3.5.jar;C:\Users\Karthik\.m2\repository\jakarta\transaction\jakarta.transaction-api\1.3.3\jakarta.transaction-api-1.3.3.jar;C:\Users\Karthik\.m2\repository\jakarta\persistence\jakarta.persistence-api\2.2.3\jakarta.persistence-api-2.2.3.jar;C:\Users\Karthik\.m2\repository\org\hibernate\hibernate-core\5.4.29.Final\hibernate-core-5.4.29.Final.jar;C:\Users\Karthik\.m2\repository\org\jboss\logging\jboss-logging\3.4.1.Final\jboss-logging-3.4.1.Final.jar;C:\Users\Karthik\.m2\repository\org\javassist\javassist\3.27.0-GA\javassist-3.27.0-GA.jar;C:\Users\Karthik\.m2\repository\net\bytebuddy\byte-buddy\1.10.22\byte-buddy-1.10.22.jar;C:\Users\Karthik\.m2\repository\antlr\antlr\2.7.7\antlr-2.7.7.jar;C:\Users\Karthik\.m2\repository\org\jboss\jandex\2.2.3.Final\jandex-2.2.3.Final.jar;C:\Users\Karthik\.m2\repository\com\fasterxml\classmate\1.5.1\classmate-1.5.1.jar;C:\Users\Karthik\.m2\repository\org\dom4j\dom4j\2.1.3\dom4j-2.1.3.jar;C:\Users\Karthik\.m2\repository\org\hibernate\common\hibernate-commons-annotations\5.1.2.Final\hibernate-commons-annotations-5.1.2.Final.jar;C:\Users\Karthik\.m2\repository\org\springframework\data\spring-data-jpa\2.4.6\spring-data-jpa-2.4.6.jar;C:\Users\Karthik\.m2\repository\org\springframework\data\spring-data-commons\2.4.6\spring-data-commons-2.4.6.jar;C:\Users\Karthik\.m2\repository\org\springframework\spring-orm\5.3.5\spring-orm-5.3.5.jar;C:\Users\Karthik\.m2\repository\org\springframework\spring-context\5.3.5\spring-context-5.3.5.jar;C:\Users\Karthik\.m2\repository\org\springframework\spring-tx\5.3.5\spring-tx-5.3.5.jar;C:\Users\Karthik\.m2\repository\org\springframework\spring-beans\5.3.5\spring-beans-5.3.5.jar;C:\Users\Karthik\.m2\repository\org\slf4j\slf4j-api\1.7.30\slf4j-api-1.7.30.jar;C:\Users\Karthik\.m2\repository\org\springframework\spring-aspects\5.3.5\spring-aspects-5.3.5.jar;C:\Users\Karthik\.m2\repository\org\springframework\boot\spring-boot-starter-web\2.4.4\spring-boot-starter-web-2.4.4.jar;C:\Users\Karthik\.m2\repository\org\springframework\boot\spring-boot-starter\2.4.4\spring-boot-starter-2.4.4.jar;C:\Users\Karthik\.m2\repository\org\springframework\boot\spring-boot-starter-logging\2.4.4\spring-boot-starter-logging-2.4.4.jar;C:\Users\Karthik\.m2\repository\ch\qos\logback\logback-classic\1.2.3\logback-classic-1.2.3.jar;C:\Users\Karthik\.m2\repository\ch\qos\logback\logback-core\1.2.3\logback-core-1.2.3.jar;C:\Users\Karthik\.m2\repository\org\apache\logging\log4j\log4j-to-slf4j\2.13.3\log4j-to-slf4j-2.13.3.jar;C:\Users\Karthik\.m2\repository\org\apache\logging\log4j\log4j-api\2.13.3\log4j-api-2.13.3.jar;C:\Users\Karthik\.m2\repository\org\slf4j\jul-to-slf4j\1.7.30\jul-to-slf4j-1.7.30.jar;C:\Users\Karthik\.m2\repository\jakarta\annotation\jakarta.annotation-api\1.3.5\jakarta.annotation-api-1.3.5.jar;C:\Users\Karthik\.m2\repository\org\yaml\snakeyaml\1.27\snakeyaml-1.27.jar;C:\Users\Karthik\.m2\repository\org\springframework\boot\spring-boot-starter-json\2.4.4\spring-boot-starter-json-2.4.4.jar;C:\Users\Karthik\.m2\repository\com\fasterxml\jackson\core\jackson-databind\2.11.4\jackson-databind-2.11.4.jar;C:\Users\Karthik\.m2\repository\com\fasterxml\jackson\core\jackson-annotations\2.11.4\jackson-annotations-2.11.4.jar;C:\Users\Karthik\.m2\repository\com\fasterxml\jackson\core\jackson-core\2.11.4\jackson-core-2.11.4.jar;C:\Users\Karthik\.m2\repository\com\fasterxml\jackson\datatype\jackson-datatype-jdk8\2.11.4\jackson-datatype-jdk8-2.11.4.jar;C:\Users\Karthik\.m2\repository\com\fasterxml\jackson\datatype\jackson-datatype-jsr310\2.11.4\jackson-datatype-jsr310-2.11.4.jar;C:\Users\Karthik\.m2\repository\com\fasterxml\jackson\module\jackson-module-parameter-names\2.11.4\jackson-module-parameter-names-2.11.4.jar;C:\Users\Karthik\.m2\repository\org\springframework\boot\spring-boot-starter-tomcat\2.4.4\spring-boot-starter-tomcat-2.4.4.jar;C:\Users\Karthik\.m2\repository\org\apache\tomcat\embed\tomcat-embed-core\9.0.44\tomcat-embed-core-9.0.44.jar;C:\Users\Karthik\.m2\repository\org\glassfish\jakarta.el\3.0.3\jakarta.el-3.0.3.jar;C:\Users\Karthik\.m2\repository\org\apache\tomcat\embed\tomcat-embed-websocket\9.0.44\tomcat-embed-websocket-9.0.44.jar;C:\Users\Karthik\.m2\repository\org\springframework\spring-web\5.3.5\spring-web-5.3.5.jar;C:\Users\Karthik\.m2\repository\org\springframework\spring-webmvc\5.3.5\spring-webmvc-5.3.5.jar;C:\Users\Karthik\.m2\repository\org\springframework\spring-expression\5.3.5\spring-expression-5.3.5.jar;C:\Users\Karthik\.m2\repository\org\springframework\cloud\spring-cloud-starter-openfeign\3.0.2\spring-cloud-starter-openfeign-3.0.2.jar;C:\Users\Karthik\.m2\repository\org\springframework\cloud\spring-cloud-starter\3.0.2\spring-cloud-starter-3.0.2.jar;C:\Users\Karthik\.m2\repository\org\springframework\cloud\spring-cloud-context\3.0.2\spring-cloud-context-3.0.2.jar;C:\Users\Karthik\.m2\repository\org\springframework\security\spring-security-rsa\1.0.9.RELEASE\spring-security-rsa-1.0.9.RELEASE.jar;C:\Users\Karthik\.m2\repository\org\bouncycastle\bcpkix-jdk15on\1.64\bcpkix-jdk15on-1.64.jar;C:\Users\Karthik\.m2\repository\org\bouncycastle\bcprov-jdk15on\1.64\bcprov-jdk15on-1.64.jar;C:\Users\Karthik\.m2\repository\org\springframework\cloud\spring-cloud-openfeign-core\3.0.2\spring-cloud-openfeign-core-3.0.2.jar;C:\Users\Karthik\.m2\repository\io\github\openfeign\form\feign-form-spring\3.8.0\feign-form-spring-3.8.0.jar;C:\Users\Karthik\.m2\repository\io\github\openfeign\form\feign-form\3.8.0\feign-form-3.8.0.jar;C:\Users\Karthik\.m2\repository\commons-fileupload\commons-fileupload\1.4\commons-fileupload-1.4.jar;C:\Users\Karthik\.m2\repository\commons-io\commons-io\2.2\commons-io-2.2.jar;C:\Users\Karthik\.m2\repository\org\springframework\cloud\spring-cloud-commons\3.0.2\spring-cloud-commons-3.0.2.jar;C:\Users\Karthik\.m2\repository\org\springframework\security\spring-security-crypto\5.4.5\spring-security-crypto-5.4.5.jar;C:\Users\Karthik\.m2\repository\io\github\openfeign\feign-core\10.10.1\feign-core-10.10.1.jar;C:\Users\Karthik\.m2\repository\io\github\openfeign\feign-slf4j\10.10.1\feign-slf4j-10.10.1.jar;C:\Users\Karthik\.m2\repository\org\springframework\cloud\spring-cloud-starter-netflix-eureka-server\3.0.2\spring-cloud-starter-netflix-eureka-server-3.0.2.jar;C:\Users\Karthik\.m2\repository\org\springframework\cloud\spring-cloud-netflix-eureka-server\3.0.2\spring-cloud-netflix-eureka-server-3.0.2.jar;C:\Users\Karthik\.m2\repository\org\springframework\boot\spring-boot-starter-actuator\2.4.4\spring-boot-starter-actuator-2.4.4.jar;C:\Users\Karthik\.m2\repository\org\springframework\boot\spring-boot-actuator-autoconfigure\2.4.4\spring-boot-actuator-autoconfigure-2.4.4.jar;C:\Users\Karthik\.m2\repository\org\springframework\boot\spring-boot-actuator\2.4.4\spring-boot-actuator-2.4.4.jar;C:\Users\Karthik\.m2\repository\io\micrometer\micrometer-core\1.6.5\micrometer-core-1.6.5.jar;C:\Users\Karthik\.m2\repository\org\hdrhistogram\HdrHistogram\2.1.12\HdrHistogram-2.1.12.jar;C:\Users\Karthik\.m2\repository\org\latencyutils\LatencyUtils\2.0.3\LatencyUtils-2.0.3.jar;C:\Users\Karthik\.m2\repository\org\springframework\boot\spring-boot-starter-freemarker\2.4.4\spring-boot-starter-freemarker-2.4.4.jar;C:\Users\Karthik\.m2\repository\org\freemarker\freemarker\2.3.31\freemarker-2.3.31.jar;C:\Users\Karthik\.m2\repository\org\springframework\spring-context-support\5.3.5\spring-context-support-5.3.5.jar;C:\Users\Karthik\.m2\repository\org\springframework\cloud\spring-cloud-netflix-eureka-client\3.0.2\spring-cloud-netflix-eureka-client-3.0.2.jar;C:\Users\Karthik\.m2\repository\com\netflix\eureka\eureka-client\1.10.11\eureka-client-1.10.11.jar;C:\Users\Karthik\.m2\repository\com\netflix\netflix-commons\netflix-eventbus\0.3.0\netflix-eventbus-0.3.0.jar;C:\Users\Karthik\.m2\repository\com\netflix\netflix-commons\netflix-infix\0.3.0\netflix-infix-0.3.0.jar;C:\Users\Karthik\.m2\repository\commons-jxpath\commons-jxpath\1.3\commons-jxpath-1.3.jar;C:\Users\Karthik\.m2\repository\joda-time\joda-time\2.3\joda-time-2.3.jar;C:\Users\Karthik\.m2\repository\org\antlr\antlr-runtime\3.4\antlr-runtime-3.4.jar;C:\Users\Karthik\.m2\repository\org\antlr\stringtemplate\3.2.1\stringtemplate-3.2.1.jar;C:\Users\Karthik\.m2\repository\com\google\code\gson\gson\2.8.6\gson-2.8.6.jar;C:\Users\Karthik\.m2\repository\org\apache\commons\commons-math\2.2\commons-math-2.2.jar;C:\Users\Karthik\.m2\repository\com\thoughtworks\xstream\xstream\1.4.14\xstream-1.4.14.jar;C:\Users\Karthik\.m2\repository\xmlpull\xmlpull\1.1.3.1\xmlpull-1.1.3.1.jar;C:\Users\Karthik\.m2\repository\xpp3\xpp3_min\1.1.4c\xpp3_min-1.1.4c.jar;C:\Users\Karthik\.m2\repository\javax\ws\rs\jsr311-api\1.1.1\jsr311-api-1.1.1.jar;C:\Users\Karthik\.m2\repository\com\netflix\servo\servo-core\0.12.21\servo-core-0.12.21.jar;C:\Users\Karthik\.m2\repository\com\google\guava\guava\19.0\guava-19.0.jar;C:\Users\Karthik\.m2\repository\com\sun\jersey\jersey-core\1.19.1\jersey-core-1.19.1.jar;C:\Users\Karthik\.m2\repository\com\sun\jersey\contribs\jersey-apache-client4\1.19.1\jersey-apache-client4-1.19.1.jar;C:\Users\Karthik\.m2\repository\org\apache\httpcomponents\httpclient\4.5.13\httpclient-4.5.13.jar;C:\Users\Karthik\.m2\repository\org\apache\httpcomponents\httpcore\4.4.14\httpcore-4.4.14.jar;C:\Users\Karthik\.m2\repository\commons-codec\commons-codec\1.15\commons-codec-1.15.jar;C:\Users\Karthik\.m2\repository\commons-configuration\commons-configuration\1.10\commons-configuration-1.10.jar;C:\Users\Karthik\.m2\repository\commons-lang\commons-lang\2.6\commons-lang-2.6.jar;C:\Users\Karthik\.m2\repository\com\google\inject\guice\4.1.0\guice-4.1.0.jar;C:\Users\Karthik\.m2\repository\aopalliance\aopalliance\1.0\aopalliance-1.0.jar;C:\Users\Karthik\.m2\repository\org\codehaus\jettison\jettison\1.4.0\jettison-1.4.0.jar;C:\Users\Karthik\.m2\repository\com\sun\jersey\jersey-servlet\1.19.4\jersey-servlet-1.19.4.jar;C:\Users\Karthik\.m2\repository\com\sun\jersey\jersey-server\1.19.4\jersey-server-1.19.4.jar;C:\Users\Karthik\.m2\repository\com\sun\jersey\jersey-client\1.19.4\jersey-client-1.19.4.jar;C:\Users\Karthik\.m2\repository\com\netflix\eureka\eureka-core\1.10.11\eureka-core-1.10.11.jar;C:\Users\Karthik\.m2\repository\com\fasterxml\woodstox\woodstox-core\5.3.0\woodstox-core-5.3.0.jar;C:\Users\Karthik\.m2\repository\javax\inject\javax.inject\1\javax.inject-1.jar;C:\Users\Karthik\.m2\repository\com\fasterxml\jackson\dataformat\jackson-dataformat-xml\2.11.4\jackson-dataformat-xml-2.11.4.jar;C:\Users\Karthik\.m2\repository\com\fasterxml\jackson\module\jackson-module-jaxb-annotations\2.11.4\jackson-module-jaxb-annotations-2.11.4.jar;C:\Users\Karthik\.m2\repository\org\codehaus\woodstox\stax2-api\4.2.1\stax2-api-4.2.1.jar;C:\Users\Karthik\.m2\repository\org\springframework\cloud\spring-cloud-starter-loadbalancer\3.0.2\spring-cloud-starter-loadbalancer-3.0.2.jar;C:\Users\Karthik\.m2\repository\org\springframework\cloud\spring-cloud-loadbalancer\3.0.2\spring-cloud-loadbalancer-3.0.2.jar;C:\Users\Karthik\.m2\repository\org\springframework\boot\spring-boot-starter-validation\2.4.4\spring-boot-starter-validation-2.4.4.jar;C:\Users\Karthik\.m2\repository\org\hibernate\validator\hibernate-validator\6.1.7.Final\hibernate-validator-6.1.7.Final.jar;C:\Users\Karthik\.m2\repository\jakarta\validation\jakarta.validation-api\2.0.2\jakarta.validation-api-2.0.2.jar;C:\Users\Karthik\.m2\repository\io\projectreactor\reactor-core\3.4.4\reactor-core-3.4.4.jar;C:\Users\Karthik\.m2\repository\org\reactivestreams\reactive-streams\1.0.3\reactive-streams-1.0.3.jar;C:\Users\Karthik\.m2\repository\io\projectreactor\addons\reactor-extra\3.4.2\reactor-extra-3.4.2.jar;C:\Users\Karthik\.m2\repository\org\springframework\boot\spring-boot-starter-cache\2.4.4\spring-boot-starter-cache-2.4.4.jar;C:\Users\Karthik\.m2\repository\com\stoyanr\evictor\1.0.0\evictor-1.0.0.jar;C:\Users\Karthik\.m2\repository\org\glassfish\jaxb\jaxb-runtime\2.3.3\jaxb-runtime-2.3.3.jar;C:\Users\Karthik\.m2\repository\org\glassfish\jaxb\txw2\2.3.3\txw2-2.3.3.jar;C:\Users\Karthik\.m2\repository\com\sun\istack\istack-commons-runtime\3.0.11\istack-commons-runtime-3.0.11.jar;C:\Users\Karthik\.m2\repository\com\sun\activation\jakarta.activation\1.2.2\jakarta.activation-1.2.2.jar;C:\Users\Karthik\.m2\repository\nl\jqno\equalsverifier\equalsverifier\3.5\equalsverifier-3.5.jar;C:\Users\Karthik\.m2\repository\org\springframework\boot\spring-boot-devtools\2.4.4\spring-boot-devtools-2.4.4.jar;C:\Users\Karthik\.m2\repository\org\springframework\boot\spring-boot\2.4.4\spring-boot-2.4.4.jar;C:\Users\Karthik\.m2\repository\org\springframework\boot\spring-boot-autoconfigure\2.4.4\spring-boot-autoconfigure-2.4.4.jar;C:\Users\Karthik\.m2\repository\com\h2database\h2\1.4.200\h2-1.4.200.jar;C:\Users\Karthik\.m2\repository\junit\junit\4.12\junit-4.12.jar;C:\Users\Karthik\.m2\repository\org\hamcrest\hamcrest-core\2.2\hamcrest-core-2.2.jar;C:\Users\Karthik\.m2\repository\org\mockito\mockito-all\1.10.19\mockito-all-1.10.19.jar;C:\Users\Karthik\.m2\repository\org\projectlombok\lombok\1.18.18\lombok-1.18.18.jar;C:\Users\Karthik\.m2\repository\org\springframework\boot\spring-boot-starter-test\2.4.4\spring-boot-starter-test-2.4.4.jar;C:\Users\Karthik\.m2\repository\org\springframework\boot\spring-boot-test\2.4.4\spring-boot-test-2.4.4.jar;C:\Users\Karthik\.m2\repository\org\springframework\boot\spring-boot-test-autoconfigure\2.4.4\spring-boot-test-autoconfigure-2.4.4.jar;C:\Users\Karthik\.m2\repository\com\jayway\jsonpath\json-path\2.4.0\json-path-2.4.0.jar;C:\Users\Karthik\.m2\repository\net\minidev\json-smart\2.3\json-smart-2.3.jar;C:\Users\Karthik\.m2\repository\net\minidev\accessors-smart\1.2\accessors-smart-1.2.jar;C:\Users\Karthik\.m2\repository\org\ow2\asm\asm\5.0.4\asm-5.0.4.jar;C:\Users\Karthik\.m2\repository\jakarta\xml\bind\jakarta.xml.bind-api\2.3.3\jakarta.xml.bind-api-2.3.3.jar;C:\Users\Karthik\.m2\repository\jakarta\activation\jakarta.activation-api\1.2.2\jakarta.activation-api-1.2.2.jar;C:\Users\Karthik\.m2\repository\org\assertj\assertj-core\3.18.1\assertj-core-3.18.1.jar;C:\Users\Karthik\.m2\repository\org\hamcrest\hamcrest\2.2\hamcrest-2.2.jar;C:\Users\Karthik\.m2\repository\org\junit\jupiter\junit-jupiter\5.7.1\junit-jupiter-5.7.1.jar;C:\Users\Karthik\.m2\repository\org\junit\jupiter\junit-jupiter-api\5.7.1\junit-jupiter-api-5.7.1.jar;C:\Users\Karthik\.m2\repository\org\apiguardian\apiguardian-api\1.1.0\apiguardian-api-1.1.0.jar;C:\Users\Karthik\.m2\repository\org\opentest4j\opentest4j\1.2.0\opentest4j-1.2.0.jar;C:\Users\Karthik\.m2\repository\org\junit\platform\junit-platform-commons\1.7.1\junit-platform-commons-1.7.1.jar;C:\Users\Karthik\.m2\repository\org\junit\jupiter\junit-jupiter-params\5.7.1\junit-jupiter-params-5.7.1.jar;C:\Users\Karthik\.m2\repository\org\junit\jupiter\junit-jupiter-engine\5.7.1\junit-jupiter-engine-5.7.1.jar;C:\Users\Karthik\.m2\repository\org\junit\platform\junit-platform-engine\1.7.1\junit-platform-engine-1.7.1.jar;C:\Users\Karthik\.m2\repository\org\mockito\mockito-core\3.6.28\mockito-core-3.6.28.jar;C:\Users\Karthik\.m2\repository\net\bytebuddy\byte-buddy-agent\1.10.22\byte-buddy-agent-1.10.22.jar;C:\Users\Karthik\.m2\repository\org\objenesis\objenesis\3.1\objenesis-3.1.jar;C:\Users\Karthik\.m2\repository\org\mockito\mockito-junit-jupiter\3.6.28\mockito-junit-jupiter-3.6.28.jar;C:\Users\Karthik\.m2\repository\org\skyscreamer\jsonassert\1.5.0\jsonassert-1.5.0.jar;C:\Users\Karthik\.m2\repository\com\vaadin\external\google\android-json\0.0.20131108.vaadin1\android-json-0.0.20131108.vaadin1.jar;C:\Users\Karthik\.m2\repository\org\springframework\spring-core\5.3.5\spring-core-5.3.5.jar;C:\Users\Karthik\.m2\repository\org\springframework\spring-jcl\5.3.5\spring-jcl-5.3.5.jar;C:\Users\Karthik\.m2\repository\org\springframework\spring-test\5.3.5\spring-test-5.3.5.jar;C:\Users\Karthik\.m2\repository\org\xmlunit\xmlunit-core\2.7.0\xmlunit-core-2.7.0.jar;"/>
    <property name="java.vm.vendor" value="Oracle Corporation"/>
    <property name="sun.arch.data.model" value="64"/>
    <property name="user.variant" value=""/>
    <property name="java.vendor.url" value="https://java.oracle.com/"/>
    <property name="user.timezone" value="Asia/Calcutta"/>
    <property name="os.name" value="Windows 10"/>
    <property name="java.vm.specification.version" value="12"/>
    <property name="sun.java.launcher" value="SUN_STANDARD"/>
    <property name="user.country" value="US"/>
    <property name="sun.boot.library.path" value="C:\Program Files\Java\jdk-12.0.2\bin"/>
    <property name="sun.java.command" value="C:\Users\Karthik\AppData\Local\Temp\surefire13522578569989220274\surefirebooter16408353846876828492.jar C:\Users\Karthik\AppData\Local\Temp\surefire13522578569989220274 2021-06-11T11-52-00_141-jvmRun1 surefire10625395254625656961tmp surefire_08651471137204702479tmp"/>
    <property name="jdk.debug" value="release"/>
    <property name="surefire.test.class.path" value="D:\Projects\New folder\MFPE_Projects-main\POD1\pensionerDisbursementMicroservice\target\test-classes;D:\Projects\New folder\MFPE_Projects-main\POD1\pensionerDisbursementMicroservice\target\classes;C:\Users\Karthik\.m2\repository\org\springframework\boot\spring-boot-starter-data-jpa\2.4.4\spring-boot-starter-data-jpa-2.4.4.jar;C:\Users\Karthik\.m2\repository\org\springframework\boot\spring-boot-starter-aop\2.4.4\spring-boot-starter-aop-2.4.4.jar;C:\Users\Karthik\.m2\repository\org\springframework\spring-aop\5.3.5\spring-aop-5.3.5.jar;C:\Users\Karthik\.m2\repository\org\aspectj\aspectjweaver\1.9.6\aspectjweaver-1.9.6.jar;C:\Users\Karthik\.m2\repository\org\springframework\boot\spring-boot-starter-jdbc\2.4.4\spring-boot-starter-jdbc-2.4.4.jar;C:\Users\Karthik\.m2\repository\com\zaxxer\HikariCP\3.4.5\HikariCP-3.4.5.jar;C:\Users\Karthik\.m2\repository\org\springframework\spring-jdbc\5.3.5\spring-jdbc-5.3.5.jar;C:\Users\Karthik\.m2\repository\jakarta\transaction\jakarta.transaction-api\1.3.3\jakarta.transaction-api-1.3.3.jar;C:\Users\Karthik\.m2\repository\jakarta\persistence\jakarta.persistence-api\2.2.3\jakarta.persistence-api-2.2.3.jar;C:\Users\Karthik\.m2\repository\org\hibernate\hibernate-core\5.4.29.Final\hibernate-core-5.4.29.Final.jar;C:\Users\Karthik\.m2\repository\org\jboss\logging\jboss-logging\3.4.1.Final\jboss-logging-3.4.1.Final.jar;C:\Users\Karthik\.m2\repository\org\javassist\javassist\3.27.0-GA\javassist-3.27.0-GA.jar;C:\Users\Karthik\.m2\repository\net\bytebuddy\byte-buddy\1.10.22\byte-buddy-1.10.22.jar;C:\Users\Karthik\.m2\repository\antlr\antlr\2.7.7\antlr-2.7.7.jar;C:\Users\Karthik\.m2\repository\org\jboss\jandex\2.2.3.Final\jandex-2.2.3.Final.jar;C:\Users\Karthik\.m2\repository\com\fasterxml\classmate\1.5.1\classmate-1.5.1.jar;C:\Users\Karthik\.m2\repository\org\dom4j\dom4j\2.1.3\dom4j-2.1.3.jar;C:\Users\Karthik\.m2\repository\org\hibernate\common\hibernate-commons-annotations\5.1.2.Final\hibernate-commons-annotations-5.1.2.Final.jar;C:\Users\Karthik\.m2\repository\org\springframework\data\spring-data-jpa\2.4.6\spring-data-jpa-2.4.6.jar;C:\Users\Karthik\.m2\repository\org\springframework\data\spring-data-commons\2.4.6\spring-data-commons-2.4.6.jar;C:\Users\Karthik\.m2\repository\org\springframework\spring-orm\5.3.5\spring-orm-5.3.5.jar;C:\Users\Karthik\.m2\repository\org\springframework\spring-context\5.3.5\spring-context-5.3.5.jar;C:\Users\Karthik\.m2\repository\org\springframework\spring-tx\5.3.5\spring-tx-5.3.5.jar;C:\Users\Karthik\.m2\repository\org\springframework\spring-beans\5.3.5\spring-beans-5.3.5.jar;C:\Users\Karthik\.m2\repository\org\slf4j\slf4j-api\1.7.30\slf4j-api-1.7.30.jar;C:\Users\Karthik\.m2\repository\org\springframework\spring-aspects\5.3.5\spring-aspects-5.3.5.jar;C:\Users\Karthik\.m2\repository\org\springframework\boot\spring-boot-starter-web\2.4.4\spring-boot-starter-web-2.4.4.jar;C:\Users\Karthik\.m2\repository\org\springframework\boot\spring-boot-starter\2.4.4\spring-boot-starter-2.4.4.jar;C:\Users\Karthik\.m2\repository\org\springframework\boot\spring-boot-starter-logging\2.4.4\spring-boot-starter-logging-2.4.4.jar;C:\Users\Karthik\.m2\repository\ch\qos\logback\logback-classic\1.2.3\logback-classic-1.2.3.jar;C:\Users\Karthik\.m2\repository\ch\qos\logback\logback-core\1.2.3\logback-core-1.2.3.jar;C:\Users\Karthik\.m2\repository\org\apache\logging\log4j\log4j-to-slf4j\2.13.3\log4j-to-slf4j-2.13.3.jar;C:\Users\Karthik\.m2\repository\org\apache\logging\log4j\log4j-api\2.13.3\log4j-api-2.13.3.jar;C:\Users\Karthik\.m2\repository\org\slf4j\jul-to-slf4j\1.7.30\jul-to-slf4j-1.7.30.jar;C:\Users\Karthik\.m2\repository\jakarta\annotation\jakarta.annotation-api\1.3.5\jakarta.annotation-api-1.3.5.jar;C:\Users\Karthik\.m2\repository\org\yaml\snakeyaml\1.27\snakeyaml-1.27.jar;C:\Users\Karthik\.m2\repository\org\springframework\boot\spring-boot-starter-json\2.4.4\spring-boot-starter-json-2.4.4.jar;C:\Users\Karthik\.m2\repository\com\fasterxml\jackson\core\jackson-databind\2.11.4\jackson-databind-2.11.4.jar;C:\Users\Karthik\.m2\repository\com\fasterxml\jackson\core\jackson-annotations\2.11.4\jackson-annotations-2.11.4.jar;C:\Users\Karthik\.m2\repository\com\fasterxml\jackson\core\jackson-core\2.11.4\jackson-core-2.11.4.jar;C:\Users\Karthik\.m2\repository\com\fasterxml\jackson\datatype\jackson-datatype-jdk8\2.11.4\jackson-datatype-jdk8-2.11.4.jar;C:\Users\Karthik\.m2\repository\com\fasterxml\jackson\datatype\jackson-datatype-jsr310\2.11.4\jackson-datatype-jsr310-2.11.4.jar;C:\Users\Karthik\.m2\repository\com\fasterxml\jackson\module\jackson-module-parameter-names\2.11.4\jackson-module-parameter-names-2.11.4.jar;C:\Users\Karthik\.m2\repository\org\springframework\boot\spring-boot-starter-tomcat\2.4.4\spring-boot-starter-tomcat-2.4.4.jar;C:\Users\Karthik\.m2\repository\org\apache\tomcat\embed\tomcat-embed-core\9.0.44\tomcat-embed-core-9.0.44.jar;C:\Users\Karthik\.m2\repository\org\glassfish\jakarta.el\3.0.3\jakarta.el-3.0.3.jar;C:\Users\Karthik\.m2\repository\org\apache\tomcat\embed\tomcat-embed-websocket\9.0.44\tomcat-embed-websocket-9.0.44.jar;C:\Users\Karthik\.m2\repository\org\springframework\spring-web\5.3.5\spring-web-5.3.5.jar;C:\Users\Karthik\.m2\repository\org\springframework\spring-webmvc\5.3.5\spring-webmvc-5.3.5.jar;C:\Users\Karthik\.m2\repository\org\springframework\spring-expression\5.3.5\spring-expression-5.3.5.jar;C:\Users\Karthik\.m2\repository\org\springframework\cloud\spring-cloud-starter-openfeign\3.0.2\spring-cloud-starter-openfeign-3.0.2.jar;C:\Users\Karthik\.m2\repository\org\springframework\cloud\spring-cloud-starter\3.0.2\spring-cloud-starter-3.0.2.jar;C:\Users\Karthik\.m2\repository\org\springframework\cloud\spring-cloud-context\3.0.2\spring-cloud-context-3.0.2.jar;C:\Users\Karthik\.m2\repository\org\springframework\security\spring-security-rsa\1.0.9.RELEASE\spring-security-rsa-1.0.9.RELEASE.jar;C:\Users\Karthik\.m2\repository\org\bouncycastle\bcpkix-jdk15on\1.64\bcpkix-jdk15on-1.64.jar;C:\Users\Karthik\.m2\repository\org\bouncycastle\bcprov-jdk15on\1.64\bcprov-jdk15on-1.64.jar;C:\Users\Karthik\.m2\repository\org\springframework\cloud\spring-cloud-openfeign-core\3.0.2\spring-cloud-openfeign-core-3.0.2.jar;C:\Users\Karthik\.m2\repository\io\github\openfeign\form\feign-form-spring\3.8.0\feign-form-spring-3.8.0.jar;C:\Users\Karthik\.m2\repository\io\github\openfeign\form\feign-form\3.8.0\feign-form-3.8.0.jar;C:\Users\Karthik\.m2\repository\commons-fileupload\commons-fileupload\1.4\commons-fileupload-1.4.jar;C:\Users\Karthik\.m2\repository\commons-io\commons-io\2.2\commons-io-2.2.jar;C:\Users\Karthik\.m2\repository\org\springframework\cloud\spring-cloud-commons\3.0.2\spring-cloud-commons-3.0.2.jar;C:\Users\Karthik\.m2\repository\org\springframework\security\spring-security-crypto\5.4.5\spring-security-crypto-5.4.5.jar;C:\Users\Karthik\.m2\repository\io\github\openfeign\feign-core\10.10.1\feign-core-10.10.1.jar;C:\Users\Karthik\.m2\repository\io\github\openfeign\feign-slf4j\10.10.1\feign-slf4j-10.10.1.jar;C:\Users\Karthik\.m2\repository\org\springframework\cloud\spring-cloud-starter-netflix-eureka-server\3.0.2\spring-cloud-starter-netflix-eureka-server-3.0.2.jar;C:\Users\Karthik\.m2\repository\org\springframework\cloud\spring-cloud-netflix-eureka-server\3.0.2\spring-cloud-netflix-eureka-server-3.0.2.jar;C:\Users\Karthik\.m2\repository\org\springframework\boot\spring-boot-starter-actuator\2.4.4\spring-boot-starter-actuator-2.4.4.jar;C:\Users\Karthik\.m2\repository\org\springframework\boot\spring-boot-actuator-autoconfigure\2.4.4\spring-boot-actuator-autoconfigure-2.4.4.jar;C:\Users\Karthik\.m2\repository\org\springframework\boot\spring-boot-actuator\2.4.4\spring-boot-actuator-2.4.4.jar;C:\Users\Karthik\.m2\repository\io\micrometer\micrometer-core\1.6.5\micrometer-core-1.6.5.jar;C:\Users\Karthik\.m2\repository\org\hdrhistogram\HdrHistogram\2.1.12\HdrHistogram-2.1.12.jar;C:\Users\Karthik\.m2\repository\org\latencyutils\LatencyUtils\2.0.3\LatencyUtils-2.0.3.jar;C:\Users\Karthik\.m2\repository\org\springframework\boot\spring-boot-starter-freemarker\2.4.4\spring-boot-starter-freemarker-2.4.4.jar;C:\Users\Karthik\.m2\repository\org\freemarker\freemarker\2.3.31\freemarker-2.3.31.jar;C:\Users\Karthik\.m2\repository\org\springframework\spring-context-support\5.3.5\spring-context-support-5.3.5.jar;C:\Users\Karthik\.m2\repository\org\springframework\cloud\spring-cloud-netflix-eureka-client\3.0.2\spring-cloud-netflix-eureka-client-3.0.2.jar;C:\Users\Karthik\.m2\repository\com\netflix\eureka\eureka-client\1.10.11\eureka-client-1.10.11.jar;C:\Users\Karthik\.m2\repository\com\netflix\netflix-commons\netflix-eventbus\0.3.0\netflix-eventbus-0.3.0.jar;C:\Users\Karthik\.m2\repository\com\netflix\netflix-commons\netflix-infix\0.3.0\netflix-infix-0.3.0.jar;C:\Users\Karthik\.m2\repository\commons-jxpath\commons-jxpath\1.3\commons-jxpath-1.3.jar;C:\Users\Karthik\.m2\repository\joda-time\joda-time\2.3\joda-time-2.3.jar;C:\Users\Karthik\.m2\repository\org\antlr\antlr-runtime\3.4\antlr-runtime-3.4.jar;C:\Users\Karthik\.m2\repository\org\antlr\stringtemplate\3.2.1\stringtemplate-3.2.1.jar;C:\Users\Karthik\.m2\repository\com\google\code\gson\gson\2.8.6\gson-2.8.6.jar;C:\Users\Karthik\.m2\repository\org\apache\commons\commons-math\2.2\commons-math-2.2.jar;C:\Users\Karthik\.m2\repository\com\thoughtworks\xstream\xstream\1.4.14\xstream-1.4.14.jar;C:\Users\Karthik\.m2\repository\xmlpull\xmlpull\1.1.3.1\xmlpull-1.1.3.1.jar;C:\Users\Karthik\.m2\repository\xpp3\xpp3_min\1.1.4c\xpp3_min-1.1.4c.jar;C:\Users\Karthik\.m2\repository\javax\ws\rs\jsr311-api\1.1.1\jsr311-api-1.1.1.jar;C:\Users\Karthik\.m2\repository\com\netflix\servo\servo-core\0.12.21\servo-core-0.12.21.jar;C:\Users\Karthik\.m2\repository\com\google\guava\guava\19.0\guava-19.0.jar;C:\Users\Karthik\.m2\repository\com\sun\jersey\jersey-core\1.19.1\jersey-core-1.19.1.jar;C:\Users\Karthik\.m2\repository\com\sun\jersey\contribs\jersey-apache-client4\1.19.1\jersey-apache-client4-1.19.1.jar;C:\Users\Karthik\.m2\repository\org\apache\httpcomponents\httpclient\4.5.13\httpclient-4.5.13.jar;C:\Users\Karthik\.m2\repository\org\apache\httpcomponents\httpcore\4.4.14\httpcore-4.4.14.jar;C:\Users\Karthik\.m2\repository\commons-codec\commons-codec\1.15\commons-codec-1.15.jar;C:\Users\Karthik\.m2\repository\commons-configuration\commons-configuration\1.10\commons-configuration-1.10.jar;C:\Users\Karthik\.m2\repository\commons-lang\commons-lang\2.6\commons-lang-2.6.jar;C:\Users\Karthik\.m2\repository\com\google\inject\guice\4.1.0\guice-4.1.0.jar;C:\Users\Karthik\.m2\repository\aopalliance\aopalliance\1.0\aopalliance-1.0.jar;C:\Users\Karthik\.m2\repository\org\codehaus\jettison\jettison\1.4.0\jettison-1.4.0.jar;C:\Users\Karthik\.m2\repository\com\sun\jersey\jersey-servlet\1.19.4\jersey-servlet-1.19.4.jar;C:\Users\Karthik\.m2\repository\com\sun\jersey\jersey-server\1.19.4\jersey-server-1.19.4.jar;C:\Users\Karthik\.m2\repository\com\sun\jersey\jersey-client\1.19.4\jersey-client-1.19.4.jar;C:\Users\Karthik\.m2\repository\com\netflix\eureka\eureka-core\1.10.11\eureka-core-1.10.11.jar;C:\Users\Karthik\.m2\repository\com\fasterxml\woodstox\woodstox-core\5.3.0\woodstox-core-5.3.0.jar;C:\Users\Karthik\.m2\repository\javax\inject\javax.inject\1\javax.inject-1.jar;C:\Users\Karthik\.m2\repository\com\fasterxml\jackson\dataformat\jackson-dataformat-xml\2.11.4\jackson-dataformat-xml-2.11.4.jar;C:\Users\Karthik\.m2\repository\com\fasterxml\jackson\module\jackson-module-jaxb-annotations\2.11.4\jackson-module-jaxb-annotations-2.11.4.jar;C:\Users\Karthik\.m2\repository\org\codehaus\woodstox\stax2-api\4.2.1\stax2-api-4.2.1.jar;C:\Users\Karthik\.m2\repository\org\springframework\cloud\spring-cloud-starter-loadbalancer\3.0.2\spring-cloud-starter-loadbalancer-3.0.2.jar;C:\Users\Karthik\.m2\repository\org\springframework\cloud\spring-cloud-loadbalancer\3.0.2\spring-cloud-loadbalancer-3.0.2.jar;C:\Users\Karthik\.m2\repository\org\springframework\boot\spring-boot-starter-validation\2.4.4\spring-boot-starter-validation-2.4.4.jar;C:\Users\Karthik\.m2\repository\org\hibernate\validator\hibernate-validator\6.1.7.Final\hibernate-validator-6.1.7.Final.jar;C:\Users\Karthik\.m2\repository\jakarta\validation\jakarta.validation-api\2.0.2\jakarta.validation-api-2.0.2.jar;C:\Users\Karthik\.m2\repository\io\projectreactor\reactor-core\3.4.4\reactor-core-3.4.4.jar;C:\Users\Karthik\.m2\repository\org\reactivestreams\reactive-streams\1.0.3\reactive-streams-1.0.3.jar;C:\Users\Karthik\.m2\repository\io\projectreactor\addons\reactor-extra\3.4.2\reactor-extra-3.4.2.jar;C:\Users\Karthik\.m2\repository\org\springframework\boot\spring-boot-starter-cache\2.4.4\spring-boot-starter-cache-2.4.4.jar;C:\Users\Karthik\.m2\repository\com\stoyanr\evictor\1.0.0\evictor-1.0.0.jar;C:\Users\Karthik\.m2\repository\org\glassfish\jaxb\jaxb-runtime\2.3.3\jaxb-runtime-2.3.3.jar;C:\Users\Karthik\.m2\repository\org\glassfish\jaxb\txw2\2.3.3\txw2-2.3.3.jar;C:\Users\Karthik\.m2\repository\com\sun\istack\istack-commons-runtime\3.0.11\istack-commons-runtime-3.0.11.jar;C:\Users\Karthik\.m2\repository\com\sun\activation\jakarta.activation\1.2.2\jakarta.activation-1.2.2.jar;C:\Users\Karthik\.m2\repository\nl\jqno\equalsverifier\equalsverifier\3.5\equalsverifier-3.5.jar;C:\Users\Karthik\.m2\repository\org\springframework\boot\spring-boot-devtools\2.4.4\spring-boot-devtools-2.4.4.jar;C:\Users\Karthik\.m2\repository\org\springframework\boot\spring-boot\2.4.4\spring-boot-2.4.4.jar;C:\Users\Karthik\.m2\repository\org\springframework\boot\spring-boot-autoconfigure\2.4.4\spring-boot-autoconfigure-2.4.4.jar;C:\Users\Karthik\.m2\repository\com\h2database\h2\1.4.200\h2-1.4.200.jar;C:\Users\Karthik\.m2\repository\junit\junit\4.12\junit-4.12.jar;C:\Users\Karthik\.m2\repository\org\hamcrest\hamcrest-core\2.2\hamcrest-core-2.2.jar;C:\Users\Karthik\.m2\repository\org\mockito\mockito-all\1.10.19\mockito-all-1.10.19.jar;C:\Users\Karthik\.m2\repository\org\projectlombok\lombok\1.18.18\lombok-1.18.18.jar;C:\Users\Karthik\.m2\repository\org\springframework\boot\spring-boot-starter-test\2.4.4\spring-boot-starter-test-2.4.4.jar;C:\Users\Karthik\.m2\repository\org\springframework\boot\spring-boot-test\2.4.4\spring-boot-test-2.4.4.jar;C:\Users\Karthik\.m2\repository\org\springframework\boot\spring-boot-test-autoconfigure\2.4.4\spring-boot-test-autoconfigure-2.4.4.jar;C:\Users\Karthik\.m2\repository\com\jayway\jsonpath\json-path\2.4.0\json-path-2.4.0.jar;C:\Users\Karthik\.m2\repository\net\minidev\json-smart\2.3\json-smart-2.3.jar;C:\Users\Karthik\.m2\repository\net\minidev\accessors-smart\1.2\accessors-smart-1.2.jar;C:\Users\Karthik\.m2\repository\org\ow2\asm\asm\5.0.4\asm-5.0.4.jar;C:\Users\Karthik\.m2\repository\jakarta\xml\bind\jakarta.xml.bind-api\2.3.3\jakarta.xml.bind-api-2.3.3.jar;C:\Users\Karthik\.m2\repository\jakarta\activation\jakarta.activation-api\1.2.2\jakarta.activation-api-1.2.2.jar;C:\Users\Karthik\.m2\repository\org\assertj\assertj-core\3.18.1\assertj-core-3.18.1.jar;C:\Users\Karthik\.m2\repository\org\hamcrest\hamcrest\2.2\hamcrest-2.2.jar;C:\Users\Karthik\.m2\repository\org\junit\jupiter\junit-jupiter\5.7.1\junit-jupiter-5.7.1.jar;C:\Users\Karthik\.m2\repository\org\junit\jupiter\junit-jupiter-api\5.7.1\junit-jupiter-api-5.7.1.jar;C:\Users\Karthik\.m2\repository\org\apiguardian\apiguardian-api\1.1.0\apiguardian-api-1.1.0.jar;C:\Users\Karthik\.m2\repository\org\opentest4j\opentest4j\1.2.0\opentest4j-1.2.0.jar;C:\Users\Karthik\.m2\repository\org\junit\platform\junit-platform-commons\1.7.1\junit-platform-commons-1.7.1.jar;C:\Users\Karthik\.m2\repository\org\junit\jupiter\junit-jupiter-params\5.7.1\junit-jupiter-params-5.7.1.jar;C:\Users\Karthik\.m2\repository\org\junit\jupiter\junit-jupiter-engine\5.7.1\junit-jupiter-engine-5.7.1.jar;C:\Users\Karthik\.m2\repository\org\junit\platform\junit-platform-engine\1.7.1\junit-platform-engine-1.7.1.jar;C:\Users\Karthik\.m2\repository\org\mockito\mockito-core\3.6.28\mockito-core-3.6.28.jar;C:\Users\Karthik\.m2\repository\net\bytebuddy\byte-buddy-agent\1.10.22\byte-buddy-agent-1.10.22.jar;C:\Users\Karthik\.m2\repository\org\objenesis\objenesis\3.1\objenesis-3.1.jar;C:\Users\Karthik\.m2\repository\org\mockito\mockito-junit-jupiter\3.6.28\mockito-junit-jupiter-3.6.28.jar;C:\Users\Karthik\.m2\repository\org\skyscreamer\jsonassert\1.5.0\jsonassert-1.5.0.jar;C:\Users\Karthik\.m2\repository\com\vaadin\external\google\android-json\0.0.20131108.vaadin1\android-json-0.0.20131108.vaadin1.jar;C:\Users\Karthik\.m2\repository\org\springframework\spring-core\5.3.5\spring-core-5.3.5.jar;C:\Users\Karthik\.m2\repository\org\springframework\spring-jcl\5.3.5\spring-jcl-5.3.5.jar;C:\Users\Karthik\.m2\repository\org\springframework\spring-test\5.3.5\spring-test-5.3.5.jar;C:\Users\Karthik\.m2\repository\org\xmlunit\xmlunit-core\2.7.0\xmlunit-core-2.7.0.jar;"/>
    <property name="sun.cpu.endian" value="little"/>
    <property name="user.home" value="C:\Users\Karthik"/>
    <property name="user.language" value="en"/>
    <property name="java.specification.vendor" value="Oracle Corporation"/>
    <property name="java.version.date" value="2019-07-16"/>
    <property name="java.home" value="C:\Program Files\Java\jdk-12.0.2"/>
    <property name="file.separator" value="\"/>
    <property name="basedir" value="D:\Projects\New folder\MFPE_Projects-main\POD1\pensionerDisbursementMicroservice"/>
    <property name="java.vm.compressedOopsMode" value="32-bit"/>
    <property name="line.separator" value="&#10;"/>
    <property name="java.vm.specification.vendor" value="Oracle Corporation"/>
    <property name="java.specification.name" value="Java Platform API Specification"/>
    <property name="java.awt.graphicsenv" value="sun.awt.Win32GraphicsEnvironment"/>
    <property name="surefire.real.class.path" value="C:\Users\Karthik\AppData\Local\Temp\surefire13522578569989220274\surefirebooter16408353846876828492.jar"/>
    <property name="user.script" value=""/>
    <property name="sun.management.compiler" value="HotSpot 64-Bit Tiered Compilers"/>
    <property name="java.runtime.version" value="12.0.2+10"/>
    <property name="user.name" value="Karthik"/>
    <property name="path.separator" value=";"/>
    <property name="os.version" value="10.0"/>
    <property name="java.runtime.name" value="Java(TM) SE Runtime Environment"/>
    <property name="file.encoding" value="Cp1252"/>
    <property name="java.vm.name" value="Java HotSpot(TM) 64-Bit Server VM"/>
    <property name="localRepository" value="C:\Users\Karthik\.m2\repository"/>
    <property name="java.vendor.url.bug" value="https://bugreport.java.com/bugreport/"/>
    <property name="java.io.tmpdir" value="C:\Users\Karthik\AppData\Local\Temp\"/>
    <property name="java.version" value="12.0.2"/>
    <property name="user.dir" value="D:\Projects\New folder\MFPE_Projects-main\POD1\pensionerDisbursementMicroservice"/>
    <property name="os.arch" value="amd64"/>
    <property name="java.vm.specification.name" value="Java Virtual Machine Specification"/>
    <property name="sun.os.patch.level" value=""/>
    <property name="java.library.path" value="C:\Program Files\Java\jdk-12.0.2\bin;C:\WINDOWS\Sun\Java\bin;C:\WINDOWS\system32;C:\WINDOWS;C:/Program Files/Java/jdk-12.0.2/bin/server;C:/Program Files/Java/jdk-12.0.2/bin;C:\Python27\;C:\Python27\Scripts;C:\Python36\Scripts\;C:\Python36\;C:\Windows\system32;C:\Windows;C:\Windows\System32\Wbem;C:\Windows\System32\WindowsPowerShell\v1.0\;C:\Windows\System32\OpenSSH\;C:\Program Files (x86)\NVIDIA Corporation\PhysX\Common;C:\Program Files\Intel\WiFi\bin\;C:\Program Files\Common Files\Intel\WirelessCommon\;C:\Program Files\Git\cmd;C:\WINDOWS\system32;C:\WINDOWS;C:\WINDOWS\System32\Wbem;C:\WINDOWS\System32\WindowsPowerShell\v1.0\;C:\WINDOWS\System32\OpenSSH\;C:\ProgramData\chocolatey\bin;C:\Program Files\NVIDIA Corporation\NVIDIA NvDLISR;C:\Program Files\PostgreSQL\11\bin;C:\MinGW\bin;;C:\WINDOWS\system32;C:\WINDOWS;C:\WINDOWS\System32\Wbem;C:\WINDOWS\System32\WindowsPowerShell\v1.0\;C:\WINDOWS\System32\OpenSSH\;C:\Program Files\nodejs\;C:\Program Files (x86)\Intel\Intel(R) Management Engine Components\DAL;C:\Program Files\Intel\Intel(R) Management Engine Components\DAL;C:\Program Files\PuTTY\;C:\Program Files\MySQL\MySQL Shell 8.0\bin\;C:\Users\Karthik\AppData\Local\Microsoft\WindowsApps;C:\Users\Karthik\AppData\Local\Programs\Microsoft VS Code\bin;C:\Program Files\Java\jdk-12.0.2\bin;C:\src\flutter\bin;C:\hugo\bin;C:\Users\Karthik\AppData\Local\Android\Sdk;C:\Users\Karthik\AppData\Local\Android\Sdk\platform-tools;C:\Program Files\JetBrains\PyCharm Community Edition 2019.3\bin;;C:\Program Files\heroku\bin;C:\Program Files\PostgreSQL\11\bin;C:\MinGW\bin;C:\Users\Karthik\AppData\Roaming\npm;C:\apache-maven-3.6.3\bin;;C:\Users\Karthik\Desktop;;."/>
    <property name="java.vm.info" value="mixed mode, sharing"/>
    <property name="java.vendor" value="Oracle Corporation"/>
    <property name="java.vm.version" value="12.0.2+10"/>
    <property name="sun.io.unicode.encoding" value="UnicodeLittle"/>
    <property name="java.class.version" value="56.0"/>
  </properties>
  <testcase name="com.pensionerDisbursmentMicroservice.PensionerDisbursmentMicroserviceApplicationTests" classname="com.pensionerDisbursmentMicroservice.PensionerDisbursmentMicroserviceApplicationTests" time="0.288">
    <error message="Unable to find a @SpringBootConfiguration, you need to use @ContextConfiguration or @SpringBootTest(classes=...) with your test" type="java.lang.IllegalStateException">java.lang.IllegalStateException: Unable to find a @SpringBootConfiguration, you need to use @ContextConfiguration or @SpringBootTest(classes=...) with your test
</error>
    <system-out><![CDATA[11:52:02.180 [main] DEBUG org.springframework.test.context.BootstrapUtils - Instantiating CacheAwareContextLoaderDelegate from class [org.springframework.test.context.cache.DefaultCacheAwareContextLoaderDelegate]
11:52:02.193 [main] DEBUG org.springframework.test.context.BootstrapUtils - Instantiating BootstrapContext using constructor [public org.springframework.test.context.support.DefaultBootstrapContext(java.lang.Class,org.springframework.test.context.CacheAwareContextLoaderDelegate)]
11:52:02.235 [main] DEBUG org.springframework.test.context.BootstrapUtils - Instantiating TestContextBootstrapper for test class [com.pensionerDisbursmentMicroservice.PensionerDisbursmentMicroserviceApplicationTests] from class [org.springframework.boot.test.context.SpringBootTestContextBootstrapper]
11:52:02.251 [main] INFO org.springframework.boot.test.context.SpringBootTestContextBootstrapper - Neither @ContextConfiguration nor @ContextHierarchy found for test class [com.pensionerDisbursmentMicroservice.PensionerDisbursmentMicroserviceApplicationTests], using SpringBootContextLoader
11:52:02.256 [main] DEBUG org.springframework.test.context.support.AbstractContextLoader - Did not detect default resource location for test class [com.pensionerDisbursmentMicroservice.PensionerDisbursmentMicroserviceApplicationTests]: class path resource [com/pensionerDisbursmentMicroservice/PensionerDisbursmentMicroserviceApplicationTests-context.xml] does not exist
11:52:02.257 [main] DEBUG org.springframework.test.context.support.AbstractContextLoader - Did not detect default resource location for test class [com.pensionerDisbursmentMicroservice.PensionerDisbursmentMicroserviceApplicationTests]: class path resource [com/pensionerDisbursmentMicroservice/PensionerDisbursmentMicroserviceApplicationTestsContext.groovy] does not exist
11:52:02.257 [main] INFO org.springframework.test.context.support.AbstractContextLoader - Could not detect default resource locations for test class [com.pensionerDisbursmentMicroservice.PensionerDisbursmentMicroserviceApplicationTests]: no resource found for suffixes {-context.xml, Context.groovy}.
11:52:02.258 [main] INFO org.springframework.test.context.support.AnnotationConfigContextLoaderUtils - Could not detect default configuration classes for test class [com.pensionerDisbursmentMicroservice.PensionerDisbursmentMicroserviceApplicationTests]: PensionerDisbursmentMicroserviceApplicationTests does not declare any static, non-private, non-final, nested classes annotated with @Configuration.
11:52:02.322 [main] DEBUG org.springframework.test.context.support.ActiveProfilesUtils - Could not find an 'annotation declaring class' for annotation type [org.springframework.test.context.ActiveProfiles] and class [com.pensionerDisbursmentMicroservice.PensionerDisbursmentMicroserviceApplicationTests]
]]></system-out>
  </testcase>
</testsuite>